<?xml version="1.0" encoding="UTF-8"?>
<testsuite name="LenderTest" tests="1" skipped="0" failures="0" errors="0" timestamp="2020-02-29T17:43:07" hostname="chernos-Air.lan1" time="0.041">
  <properties/>
  <testcase name="checkPalindromeTest()" classname="LenderTest" time="0.041"/>
  <system-out><![CDATA[]]></system-out>
  <system-err><![CDATA[]]></system-err>
</testsuite>
